Start testing: Mar 06 02:42 UTC
----------------------------------------------------------
31/169 Testing: t_webget
31/169 Test: t_webget
Command: "/mnt/hgfs/labs/tests/webget_t.sh"
Directory: /mnt/hgfs/labs/build
"t_webget" start time: Mar 06 02:42 UTC
Output:
----------------------------------------------------------
DEBUG: Connecting to 104.196.238.229:80... done.
DEBUG: Inbound stream from 104.196.238.229:80 finished cleanly.
DEBUG: Outbound stream to 104.196.238.229:80 finished (1 byte still in flight).
Warning: unclean shutdown of TCPSpongeSocket
Exception in TCPConnection runner thread: shutdown: Bad file descriptor
terminate called after throwing an instance of 'std::exception'
  what():  std::exception
HTTP/1.1 200 OK
Content-type: text/plain

7SmXqWkrLKzVBCEalbSPqBcvs11Pw263K7x4Wv3JckI
<end of output>
Test time =   2.28 sec
----------------------------------------------------------
Test Passed.
"t_webget" end time: Mar 06 02:42 UTC
"t_webget" time elapsed: 00:00:02
----------------------------------------------------------

End testing: Mar 06 02:42 UTC
